<?xml version="1.0" encoding="UTF-8"?>
<!-- Generated by org.testng.reporters.JUnitXMLReporter -->
<testsuite hostname="Chandani" name="Test" tests="5" failures="0" timestamp="31 Mar 2019 04:16:16 GMT" time="20.285" errors="0">
  <testcase name="testExcel" time="1.072" classname="unitTestCases.TestExcelDataProvider"/>
  <testcase name="testConfig" time="0.003" classname="unitTestCases.TestConfigDataProvider"/>
  <testcase name="testChromeBrowser" time="5.35" classname="unitTestCases.TestBrowserFactory"/>
  <testcase name="testFirefoxBrowser" time="11.347" classname="unitTestCases.TestBrowserFactory"/>
  <testcase name="testIEBrowser" time="2.462" classname="unitTestCases.TestBrowserFactory"/>
</testsuite> <!-- Test -->
